  Box2dEmptyApp.cpp
  Canon.cpp
C:\Users\JulioCZ\Documents\2 - Cuatri_1\MAVII\U4\TP Unidad 4\Tp 1 - MAVII\Src\Canon.cpp(34,93): warning C4244: 'argumento': conversión de 'T' a 'float'; posible pérdida de datos
C:\Users\JulioCZ\Documents\2 - Cuatri_1\MAVII\U4\TP Unidad 4\Tp 1 - MAVII\Src\Canon.cpp(34,93): warning C4244:         with
C:\Users\JulioCZ\Documents\2 - Cuatri_1\MAVII\U4\TP Unidad 4\Tp 1 - MAVII\Src\Canon.cpp(34,93): warning C4244:         [
C:\Users\JulioCZ\Documents\2 - Cuatri_1\MAVII\U4\TP Unidad 4\Tp 1 - MAVII\Src\Canon.cpp(34,93): warning C4244:             T=int
C:\Users\JulioCZ\Documents\2 - Cuatri_1\MAVII\U4\TP Unidad 4\Tp 1 - MAVII\Src\Canon.cpp(34,93): warning C4244:         ]
C:\Users\JulioCZ\Documents\2 - Cuatri_1\MAVII\U4\TP Unidad 4\Tp 1 - MAVII\Src\Canon.cpp(34,58): warning C4244: 'argumento': conversión de 'T' a 'float'; posible pérdida de datos
C:\Users\JulioCZ\Documents\2 - Cuatri_1\MAVII\U4\TP Unidad 4\Tp 1 - MAVII\Src\Canon.cpp(34,58): warning C4244:         with
C:\Users\JulioCZ\Documents\2 - Cuatri_1\MAVII\U4\TP Unidad 4\Tp 1 - MAVII\Src\Canon.cpp(34,58): warning C4244:         [
C:\Users\JulioCZ\Documents\2 - Cuatri_1\MAVII\U4\TP Unidad 4\Tp 1 - MAVII\Src\Canon.cpp(34,58): warning C4244:             T=int
C:\Users\JulioCZ\Documents\2 - Cuatri_1\MAVII\U4\TP Unidad 4\Tp 1 - MAVII\Src\Canon.cpp(34,58): warning C4244:         ]
C:\Users\JulioCZ\Documents\2 - Cuatri_1\MAVII\U4\TP Unidad 4\Tp 1 - MAVII\Src\Canon.cpp(35,83): warning C4244: 'argumento': conversión de 'float' a 'T'; posible pérdida de datos
C:\Users\JulioCZ\Documents\2 - Cuatri_1\MAVII\U4\TP Unidad 4\Tp 1 - MAVII\Src\Canon.cpp(35,83): warning C4244:         with
C:\Users\JulioCZ\Documents\2 - Cuatri_1\MAVII\U4\TP Unidad 4\Tp 1 - MAVII\Src\Canon.cpp(35,83): warning C4244:         [
C:\Users\JulioCZ\Documents\2 - Cuatri_1\MAVII\U4\TP Unidad 4\Tp 1 - MAVII\Src\Canon.cpp(35,83): warning C4244:             T=int
C:\Users\JulioCZ\Documents\2 - Cuatri_1\MAVII\U4\TP Unidad 4\Tp 1 - MAVII\Src\Canon.cpp(35,83): warning C4244:         ]
C:\Users\JulioCZ\Documents\2 - Cuatri_1\MAVII\U4\TP Unidad 4\Tp 1 - MAVII\Src\Canon.cpp(35,74): warning C4244: 'argumento': conversión de 'float' a 'T'; posible pérdida de datos
C:\Users\JulioCZ\Documents\2 - Cuatri_1\MAVII\U4\TP Unidad 4\Tp 1 - MAVII\Src\Canon.cpp(35,74): warning C4244:         with
C:\Users\JulioCZ\Documents\2 - Cuatri_1\MAVII\U4\TP Unidad 4\Tp 1 - MAVII\Src\Canon.cpp(35,74): warning C4244:         [
C:\Users\JulioCZ\Documents\2 - Cuatri_1\MAVII\U4\TP Unidad 4\Tp 1 - MAVII\Src\Canon.cpp(35,74): warning C4244:             T=int
C:\Users\JulioCZ\Documents\2 - Cuatri_1\MAVII\U4\TP Unidad 4\Tp 1 - MAVII\Src\Canon.cpp(35,74): warning C4244:         ]
  Game.cpp
  Generando código...
  Box2dEmptyApp.vcxproj -> C:\Users\JulioCZ\Documents\2 - Cuatri_1\MAVII\U4\TP Unidad 4\Tp 1 - MAVII\Bin\Debug\Box2dEmptyApp.exe
